# JRE version: OpenJDK Runtime Environment (8.0_152-b06) (build 1.8.0_152-release-1136-b06)
# Java VM: OpenJDK 64-Bit Server VM (25.152-b06 mixed mode windows-amd64 compressed oops)
Heap:
 PSYoungGen      total 401408K, used 172181K [0x00000000e0000000, 0x0000000100000000, 0x0000000100000000)
  eden space 278528K, 48% used [0x00000000e0000000,0x00000000e82b4908,0x00000000f1000000)
  from space 122880K, 31% used [0x00000000f1000000,0x00000000f3570c70,0x00000000f8800000)
  to   space 115200K, 0% used [0x00000000f8f80000,0x00000000f8f80000,0x0000000100000000)
 ParOldGen       total 371712K, used 111021K [0x00000000a0000000, 0x00000000b6b00000, 0x00000000e0000000)
  object space 371712K, 29% used [0x00000000a0000000,0x00000000a6c6b6a0,0x00000000b6b00000)
 Metaspace       used 156655K, capacity 163288K, committed 163404K, reserved 1191936K
  class space    used 19458K, capacity 20770K, committed 20864K, reserved 1048576K
GC Heap History (10 events):
Event: 351.513 GC heap before
{Heap before GC invocations=25 (full 4):
 PSYoungGen      total 451584K, used 451562K [0x00000000e0000000, 0x0000000100000000, 0x0000000100000000)
  eden space 410624K, 100% used [0x00000000e0000000,0x00000000f9100000,0x00000000f9100000)
  from space 40960K, 99% used [0x00000000fd800000,0x00000000ffffaa88,0x0000000100000000)
  to   space 56832K, 0% used [0x00000000f9100000,0x00000000f9100000,0x00000000fc880000)
 ParOldGen       total 235520K, used 102979K [0x00000000a0000000, 0x00000000ae600000, 0x00000000e0000000)
  object space 235520K, 43% used [0x00000000a0000000,0x00000000a6490f10,0x00000000ae600000)
 Metaspace       used 140978K, capacity 146878K, committed 147148K, reserved 1177600K
  class space    used 17624K, capacity 18839K, committed 18944K, reserved 1048576K
Event: 351.609 GC heap after
Heap after GC invocations=25 (full 4):
 PSYoungGen      total 467456K, used 56820K [0x00000000e0000000, 0x0000000100000000, 0x0000000100000000)
  eden space 410624K, 0% used [0x00000000e0000000,0x00000000e0000000,0x00000000f9100000)
  from space 56832K, 99% used [0x00000000f9100000,0x00000000fc87d310,0x00000000fc880000)
  to   space 56832K, 0% used [0x00000000fc880000,0x00000000fc880000,0x0000000100000000)
 ParOldGen       total 235520K, used 164434K [0x00000000a0000000, 0x00000000ae600000, 0x00000000e0000000)
  object space 235520K, 69% used [0x00000000a0000000,0x00000000aa094b00,0x00000000ae600000)
 Metaspace       used 140978K, capacity 146878K, committed 147148K, reserved 1177600K
  class space    used 17624K, capacity 18839K, committed 18944K, reserved 1048576K
}
Event: 353.211 GC heap before
{Heap before GC invocations=26 (full 4):
 PSYoungGen      total 467456K, used 467444K [0x00000000e0000000, 0x0000000100000000, 0x0000000100000000)
  eden space 410624K, 100% used [0x00000000e0000000,0x00000000f9100000,0x00000000f9100000)
  from space 56832K, 99% used [0x00000000f9100000,0x00000000fc87d310,0x00000000fc880000)
  to   space 56832K, 0% used [0x00000000fc880000,0x00000000fc880000,0x0000000100000000)
 ParOldGen       total 235520K, used 164434K [0x00000000a0000000, 0x00000000ae600000, 0x00000000e0000000)
  object space 235520K, 69% used [0x00000000a0000000,0x00000000aa094b00,0x00000000ae600000)
 Metaspace       used 147781K, capacity 153790K, committed 154060K, reserved 1183744K
  class space    used 18403K, capacity 19663K, committed 19712K, reserved 1048576K
Event: 353.349 GC heap after
Heap after GC invocations=26 (full 4):
 PSYoungGen      total 335360K, used 56820K [0x00000000e0000000, 0x0000000100000000, 0x0000000100000000)
  eden space 278528K, 0% used [0x00000000e0000000,0x00000000e0000000,0x00000000f1000000)
  from space 56832K, 99% used [0x00000000fc880000,0x00000000ffffd150,0x0000000100000000)
  to   space 122880K, 0% used [0x00000000f1000000,0x00000000f1000000,0x00000000f8800000)
 ParOldGen       total 246784K, used 246348K [0x00000000a0000000, 0x00000000af100000, 0x00000000e0000000)
  object space 246784K, 99% used [0x00000000a0000000,0x00000000af093160,0x00000000af100000)
 Metaspace       used 147781K, capacity 153790K, committed 154060K, reserved 1183744K
  class space    used 18403K, capacity 19663K, committed 19712K, reserved 1048576K
}
Event: 353.349 GC heap before
{Heap before GC invocations=27 (full 5):
 PSYoungGen      total 335360K, used 56820K [0x00000000e0000000, 0x0000000100000000, 0x0000000100000000)
  eden space 278528K, 0% used [0x00000000e0000000,0x00000000e0000000,0x00000000f1000000)
  from space 56832K, 99% used [0x00000000fc880000,0x00000000ffffd150,0x0000000100000000)
  to   space 122880K, 0% used [0x00000000f1000000,0x00000000f1000000,0x00000000f8800000)
 ParOldGen       total 246784K, used 246348K [0x00000000a0000000, 0x00000000af100000, 0x00000000e0000000)
  object space 246784K, 99% used [0x00000000a0000000,0x00000000af093160,0x00000000af100000)
 Metaspace       used 147781K, capacity 153790K, committed 154060K, reserved 1183744K
  class space    used 18403K, capacity 19663K, committed 19712K, reserved 1048576K
Event: 353.754 GC heap after
Heap after GC invocations=27 (full 5):
 PSYoungGen      total 335360K, used 0K [0x00000000e0000000, 0x0000000100000000, 0x0000000100000000)
  eden space 278528K, 0% used [0x00000000e0000000,0x00000000e0000000,0x00000000f1000000)
  from space 56832K, 0% used [0x00000000fc880000,0x00000000fc880000,0x0000000100000000)
  to   space 122880K, 0% used [0x00000000f1000000,0x00000000f1000000,0x00000000f8800000)
 ParOldGen       total 246784K, used 213249K [0x00000000a0000000, 0x00000000af100000, 0x00000000e0000000)
  object space 246784K, 86% used [0x00000000a0000000,0x00000000ad040550,0x00000000af100000)
 Metaspace       used 147458K, capacity 152924K, committed 154060K, reserved 1183744K
  class space    used 18292K, capacity 19448K, committed 19712K, reserved 1048576K
}
Event: 357.608 GC heap before
{Heap before GC invocations=28 (full 6):
 PSYoungGen      total 335360K, used 278528K [0x00000000e0000000, 0x0000000100000000, 0x0000000100000000)
  eden space 278528K, 100% used [0x00000000e0000000,0x00000000f1000000,0x00000000f1000000)
  from space 56832K, 0% used [0x00000000fc880000,0x00000000fc880000,0x0000000100000000)
  to   space 122880K, 0% used [0x00000000f1000000,0x00000000f1000000,0x00000000f8800000)
 ParOldGen       total 246784K, used 213249K [0x00000000a0000000, 0x00000000af100000, 0x00000000e0000000)
  object space 246784K, 86% used [0x00000000a0000000,0x00000000ad040550,0x00000000af100000)
 Metaspace       used 150749K, capacity 156366K, committed 157004K, reserved 1185792K
  class space    used 18677K, capacity 19885K, committed 20096K, reserved 1048576K
Event: 357.841 GC heap after
Heap after GC invocations=28 (full 6):
 PSYoungGen      total 335360K, used 0K [0x00000000e0000000, 0x0000000100000000, 0x0000000100000000)
  eden space 278528K, 0% used [0x00000000e0000000,0x00000000e0000000,0x00000000f1000000)
  from space 56832K, 0% used [0x00000000fc880000,0x00000000fc880000,0x0000000100000000)
  to   space 122880K, 0% used [0x00000000f1000000,0x00000000f1000000,0x00000000f8800000)
 ParOldGen       total 371712K, used 111013K [0x00000000a0000000, 0x00000000b6b00000, 0x00000000e0000000)
  object space 371712K, 29% used [0x00000000a0000000,0x00000000a6c696a0,0x00000000b6b00000)
 Metaspace       used 149795K, capacity 155290K, committed 157004K, reserved 1185792K
  class space    used 18542K, capacity 19719K, committed 20096K, reserved 1048576K
}
Event: 360.537 GC heap before
{Heap before GC invocations=29 (full 6):
 PSYoungGen      total 335360K, used 278528K [0x00000000e0000000, 0x0000000100000000, 0x0000000100000000)
  eden space 278528K, 100% used [0x00000000e0000000,0x00000000f1000000,0x00000000f1000000)
  from space 56832K, 0% used [0x00000000fc880000,0x00000000fc880000,0x0000000100000000)
  to   space 122880K, 0% used [0x00000000f1000000,0x00000000f1000000,0x00000000f8800000)
 ParOldGen       total 371712K, used 111013K [0x00000000a0000000, 0x00000000b6b00000, 0x00000000e0000000)
  object space 371712K, 29% used [0x00000000a0000000,0x00000000a6c696a0,0x00000000b6b00000)
 Metaspace       used 155784K, capacity 162348K, committed 162508K, reserved 1191936K
  class space    used 19347K, capacity 20652K, committed 20736K, reserved 1048576K
Event: 360.561 GC heap after
Heap after GC invocations=29 (full 6):
 PSYoungGen      total 401408K, used 38339K [0x00000000e0000000, 0x0000000100000000, 0x0000000100000000)
  eden space 278528K, 0% used [0x00000000e0000000,0x00000000e0000000,0x00000000f1000000)
  from space 122880K, 31% used [0x00000000f1000000,0x00000000f3570c70,0x00000000f8800000)
  to   space 115200K, 0% used [0x00000000f8f80000,0x00000000f8f80000,0x0000000100000000)
 ParOldGen       total 371712K, used 111021K [0x00000000a0000000, 0x00000000b6b00000, 0x00000000e0000000)
  object space 371712K, 29% used [0x00000000a0000000,0x00000000a6c6b6a0,0x00000000b6b00000)
 Metaspace       used 155784K, capacity 162348K, committed 162508K, reserved 1191936K
  class space    used 19347K, capacity 20652K, committed 20736K, reserved 1048576K
}

