# JRE version: OpenJDK Runtime Environment (8.0_152-b06) (build 1.8.0_152-release-1136-b06)
# Java VM: OpenJDK 64-Bit Server VM (25.152-b06 mixed mode windows-amd64 compressed oops)
Heap:
 PSYoungGen      total 487936K, used 200343K [0x00000000e0000000, 0x0000000100000000, 0x0000000100000000)
  eden space 456704K, 38% used [0x00000000e0000000,0x00000000eabfbe28,0x00000000fbe00000)
  from space 31232K, 77% used [0x00000000fe180000,0x00000000ff92a110,0x0000000100000000)
  to   space 33792K, 0% used [0x00000000fbe00000,0x00000000fbe00000,0x00000000fdf00000)
 ParOldGen       total 108032K, used 72845K [0x00000000a0000000, 0x00000000a6980000, 0x00000000e0000000)
  object space 108032K, 67% used [0x00000000a0000000,0x00000000a47237f8,0x00000000a6980000)
 Metaspace       used 92342K, capacity 96056K, committed 96216K, reserved 1132544K
  class space    used 11616K, capacity 12472K, committed 12544K, reserved 1048576K
GC Heap History (10 events):
Event: 101.349 GC heap before
{Heap before GC invocations=15 (full 3):
 PSYoungGen      total 241152K, used 222720K [0x00000000e0000000, 0x00000000f5600000, 0x0000000100000000)
  eden space 222720K, 100% used [0x00000000e0000000,0x00000000ed980000,0x00000000ed980000)
  from space 18432K, 0% used [0x00000000ed980000,0x00000000ed980000,0x00000000eeb80000)
  to   space 18944K, 0% used [0x00000000f4380000,0x00000000f4380000,0x00000000f5600000)
 ParOldGen       total 108032K, used 34226K [0x00000000a0000000, 0x00000000a6980000, 0x00000000e0000000)
  object space 108032K, 31% used [0x00000000a0000000,0x00000000a216cb90,0x00000000a6980000)
 Metaspace       used 64506K, capacity 66500K, committed 66776K, reserved 1107968K
  class space    used 8572K, capacity 9093K, committed 9216K, reserved 1048576K
Event: 101.375 GC heap after
Heap after GC invocations=15 (full 3):
 PSYoungGen      total 327680K, used 18915K [0x00000000e0000000, 0x00000000f5e80000, 0x0000000100000000)
  eden space 308736K, 0% used [0x00000000e0000000,0x00000000e0000000,0x00000000f2d80000)
  from space 18944K, 99% used [0x00000000f4380000,0x00000000f55f8d98,0x00000000f5600000)
  to   space 22528K, 0% used [0x00000000f2d80000,0x00000000f2d80000,0x00000000f4380000)
 ParOldGen       total 108032K, used 37652K [0x00000000a0000000, 0x00000000a6980000, 0x00000000e0000000)
  object space 108032K, 34% used [0x00000000a0000000,0x00000000a24c5010,0x00000000a6980000)
 Metaspace       used 64506K, capacity 66500K, committed 66776K, reserved 1107968K
  class space    used 8572K, capacity 9093K, committed 9216K, reserved 1048576K
}
Event: 137.791 GC heap before
{Heap before GC invocations=16 (full 3):
 PSYoungGen      total 327680K, used 327651K [0x00000000e0000000, 0x00000000f5e80000, 0x0000000100000000)
  eden space 308736K, 100% used [0x00000000e0000000,0x00000000f2d80000,0x00000000f2d80000)
  from space 18944K, 99% used [0x00000000f4380000,0x00000000f55f8d98,0x00000000f5600000)
  to   space 22528K, 0% used [0x00000000f2d80000,0x00000000f2d80000,0x00000000f4380000)
 ParOldGen       total 108032K, used 37652K [0x00000000a0000000, 0x00000000a6980000, 0x00000000e0000000)
  object space 108032K, 34% used [0x00000000a0000000,0x00000000a24c5010,0x00000000a6980000)
 Metaspace       used 66594K, capacity 68496K, committed 68696K, reserved 1107968K
  class space    used 8742K, capacity 9234K, committed 9344K, reserved 1048576K
Event: 137.843 GC heap after
Heap after GC invocations=16 (full 3):
 PSYoungGen      total 331264K, used 17794K [0x00000000e0000000, 0x00000000fcd00000, 0x0000000100000000)
  eden space 308736K, 0% used [0x00000000e0000000,0x00000000e0000000,0x00000000f2d80000)
  from space 22528K, 78% used [0x00000000f2d80000,0x00000000f3ee0bc8,0x00000000f4380000)
  to   space 24064K, 0% used [0x00000000fb580000,0x00000000fb580000,0x00000000fcd00000)
 ParOldGen       total 108032K, used 55472K [0x00000000a0000000, 0x00000000a6980000, 0x00000000e0000000)
  object space 108032K, 51% used [0x00000000a0000000,0x00000000a362c120,0x00000000a6980000)
 Metaspace       used 66594K, capacity 68496K, committed 68696K, reserved 1107968K
  class space    used 8742K, capacity 9234K, committed 9344K, reserved 1048576K
}
Event: 146.933 GC heap before
{Heap before GC invocations=17 (full 3):
 PSYoungGen      total 331264K, used 326530K [0x00000000e0000000, 0x00000000fcd00000, 0x0000000100000000)
  eden space 308736K, 100% used [0x00000000e0000000,0x00000000f2d80000,0x00000000f2d80000)
  from space 22528K, 78% used [0x00000000f2d80000,0x00000000f3ee0bc8,0x00000000f4380000)
  to   space 24064K, 0% used [0x00000000fb580000,0x00000000fb580000,0x00000000fcd00000)
 ParOldGen       total 108032K, used 55472K [0x00000000a0000000, 0x00000000a6980000, 0x00000000e0000000)
  object space 108032K, 51% used [0x00000000a0000000,0x00000000a362c120,0x00000000a6980000)
 Metaspace       used 75053K, capacity 77384K, committed 77528K, reserved 1116160K
  class space    used 9594K, capacity 10164K, committed 10240K, reserved 1048576K
Event: 146.966 GC heap after
Heap after GC invocations=17 (full 3):
 PSYoungGen      total 437248K, used 24050K [0x00000000e0000000, 0x00000000fd180000, 0x0000000100000000)
  eden space 413184K, 0% used [0x00000000e0000000,0x00000000e0000000,0x00000000f9380000)
  from space 24064K, 99% used [0x00000000fb580000,0x00000000fccfc830,0x00000000fcd00000)
  to   space 31744K, 0% used [0x00000000f9380000,0x00000000f9380000,0x00000000fb280000)
 ParOldGen       total 108032K, used 66179K [0x00000000a0000000, 0x00000000a6980000, 0x00000000e0000000)
  object space 108032K, 61% used [0x00000000a0000000,0x00000000a40a0ee0,0x00000000a6980000)
 Metaspace       used 75053K, capacity 77384K, committed 77528K, reserved 1116160K
  class space    used 9594K, capacity 10164K, committed 10240K, reserved 1048576K
}
Event: 495.322 GC heap before
{Heap before GC invocations=18 (full 3):
 PSYoungGen      total 437248K, used 437234K [0x00000000e0000000, 0x00000000fd180000, 0x0000000100000000)
  eden space 413184K, 100% used [0x00000000e0000000,0x00000000f9380000,0x00000000f9380000)
  from space 24064K, 99% used [0x00000000fb580000,0x00000000fccfc830,0x00000000fcd00000)
  to   space 31744K, 0% used [0x00000000f9380000,0x00000000f9380000,0x00000000fb280000)
 ParOldGen       total 108032K, used 66179K [0x00000000a0000000, 0x00000000a6980000, 0x00000000e0000000)
  object space 108032K, 61% used [0x00000000a0000000,0x00000000a40a0ee0,0x00000000a6980000)
 Metaspace       used 78231K, capacity 81140K, committed 81240K, reserved 1120256K
  class space    used 9873K, capacity 10582K, committed 10624K, reserved 1048576K
Event: 495.339 GC heap after
Heap after GC invocations=18 (full 3):
 PSYoungGen      total 444928K, used 6262K [0x00000000e0000000, 0x0000000100000000, 0x0000000100000000)
  eden space 413184K, 0% used [0x00000000e0000000,0x00000000e0000000,0x00000000f9380000)
  from space 31744K, 19% used [0x00000000f9380000,0x00000000f999d9d0,0x00000000fb280000)
  to   space 31232K, 0% used [0x00000000fe180000,0x00000000fe180000,0x0000000100000000)
 ParOldGen       total 108032K, used 69471K [0x00000000a0000000, 0x00000000a6980000, 0x00000000e0000000)
  object space 108032K, 64% used [0x00000000a0000000,0x00000000a43d7f40,0x00000000a6980000)
 Metaspace       used 78231K, capacity 81140K, committed 81240K, reserved 1120256K
  class space    used 9873K, capacity 10582K, committed 10624K, reserved 1048576K
}
Event: 503.739 GC heap before
{Heap before GC invocations=19 (full 3):
 PSYoungGen      total 444928K, used 419446K [0x00000000e0000000, 0x0000000100000000, 0x0000000100000000)
  eden space 413184K, 100% used [0x00000000e0000000,0x00000000f9380000,0x00000000f9380000)
  from space 31744K, 19% used [0x00000000f9380000,0x00000000f999d9d0,0x00000000fb280000)
  to   space 31232K, 0% used [0x00000000fe180000,0x00000000fe180000,0x0000000100000000)
 ParOldGen       total 108032K, used 69471K [0x00000000a0000000, 0x00000000a6980000, 0x00000000e0000000)
  object space 108032K, 64% used [0x00000000a0000000,0x00000000a43d7f40,0x00000000a6980000)
 Metaspace       used 86798K, capacity 90050K, committed 90200K, reserved 1128448K
  class space    used 10846K, capacity 11619K, committed 11648K, reserved 1048576K
Event: 503.772 GC heap after
Heap after GC invocations=19 (full 3):
 PSYoungGen      total 487936K, used 24232K [0x00000000e0000000, 0x0000000100000000, 0x0000000100000000)
  eden space 456704K, 0% used [0x00000000e0000000,0x00000000e0000000,0x00000000fbe00000)
  from space 31232K, 77% used [0x00000000fe180000,0x00000000ff92a110,0x0000000100000000)
  to   space 33792K, 0% used [0x00000000fbe00000,0x00000000fbe00000,0x00000000fdf00000)
 ParOldGen       total 108032K, used 72845K [0x00000000a0000000, 0x00000000a6980000, 0x00000000e0000000)
  object space 108032K, 67% used [0x00000000a0000000,0x00000000a47237f8,0x00000000a6980000)
 Metaspace       used 86798K, capacity 90050K, committed 90200K, reserved 1128448K
  class space    used 10846K, capacity 11619K, committed 11648K, reserved 1048576K
}

